1763329079805	geckodriver	INFO	Listening on 127.0.0.1:51589
1763329079832	mozrunner::runner	INFO	Running command: MOZ_CRASHREPORTER="1" MOZ_CRASHREPORTER_NO_REPORT="1" MOZ_CRASHREPORTER_SHUTDOWN="1" "/usr/bin/firefox" "--m ... ow" "--remote-debugging-port" "56571" "--remote-allow-hosts" "localhost" "-no-remote" "-profile" "/tmp/rust_mozprofile9rSNIC"
console.warn: services.settings: Ignoring preference override of remote settings server
console.warn: services.settings: Allow by setting MOZ_REMOTE_SETTINGS_DEVTOOLS=1 in the environment
1763329080752	Marionette	INFO	Marionette enabled
[Parent 18452, Main Thread] WARNING: gdk_wayland_window_set_dbus_properties_libgtk_only: assertion 'GDK_IS_WAYLAND_WINDOW (window)' failed: 'glib warning', file /builds/worker/checkouts/gecko/toolkit/xre/nsSigHandlers.cpp:201

(firefox:18452): Gdk-CRITICAL **: 23:38:00.845: gdk_wayland_window_set_dbus_properties_libgtk_only: assertion 'GDK_IS_WAYLAND_WINDOW (window)' failed
1763329080917	Marionette	INFO	Listening on port 46045
WebDriver BiDi listening on ws://127.0.0.1:56571
Read port: 46045
1763329080984	RemoteAgent	WARN	TLS certificate errors will be ignored for this session
[Parent 18452, Main Thread] WARNING: gdk_wayland_window_set_dbus_properties_libgtk_only: assertion 'GDK_IS_WAYLAND_WINDOW (window)' failed: 'glib warning', file /builds/worker/checkouts/gecko/toolkit/xre/nsSigHandlers.cpp:201

(firefox:18452): Gdk-CRITICAL **: 23:38:01.264: gdk_wayland_window_set_dbus_properties_libgtk_only: assertion 'GDK_IS_WAYLAND_WINDOW (window)' failed
[Parent 18452, Main Thread] WARNING: gdk_wayland_window_set_dbus_properties_libgtk_only: assertion 'GDK_IS_WAYLAND_WINDOW (window)' failed: 'glib warning', file /builds/worker/checkouts/gecko/toolkit/xre/nsSigHandlers.cpp:201

(firefox:18452): Gdk-CRITICAL **: 23:38:01.264: gdk_wayland_window_set_dbus_properties_libgtk_only: assertion 'GDK_IS_WAYLAND_WINDOW (window)' failed
console.warn: LoginRecipes: "Falling back to a synchronous message for: http://localhost:5001."
console.warn: LoginRecipes: "Falling back to a synchronous message for: http://localhost:5001."
console.warn: LoginRecipes: "Falling back to a synchronous message for: http://localhost:5001."
1763329103724	Marionette	INFO	Stopped listening on port 46045
console.error: "Failed to fetch https://spocs.getpocket.com/user:" "NetworkError when attempting to fetch resource."
console.error: (new TypeError("NetworkError when attempting to fetch resource.", ""))
console.error: (new Error("OHTTP was configured for https://ads.mozilla.org/v1/delete_user but we couldn't fetch a valid config", "moz-src:///browser/modules/ContextId.sys.mjs", 234))
console.warn: TopSitesFeed: Failed to fetch data from MARS server: NetworkError when attempting to fetch resource.
JavaScript error: resource://gre/modules/ObliviousHTTP.sys.mjs, line 117: NS_ERROR_XPC_CANT_CONVERT_PRIMITIVE_TO_ARRAY: Cannot convert primitive JavaScript value into an array arg 2 [nsIObliviousHttpService.newChannel]
